[INFO] Scanning for projects...
[INFO]                                                                         
[INFO] ------------------------------------------------------------------------
[INFO] Building ourfood 0.1.0
[INFO] ------------------------------------------------------------------------
[INFO] 
[INFO] >>> spring-boot-maven-plugin:1.2.0.RELEASE:run (default-cli) > test-compile @ ourfood >>>
[INFO] 
[INFO] --- maven-resources-plugin:2.6:resources (default-resources) @ ourfood ---
[INFO] Using 'UTF-8' encoding to copy filtered resources.
[INFO] Copying 1 resource
[INFO] 
[INFO] --- maven-compiler-plugin:2.3.2:compile (default-compile) @ ourfood ---
[INFO] Nothing to compile - all classes are up to date
[INFO] 
[INFO] --- maven-resources-plugin:2.6:testResources (default-testResources) @ ourfood ---
[INFO] Using 'UTF-8' encoding to copy filtered resources.
[INFO] skip non existing resourceDirectory C:\Users\moinm\work\SSAD22\Source\OurFood\src\test\resources
[INFO] 
[INFO] --- maven-compiler-plugin:2.3.2:testCompile (default-testCompile) @ ourfood ---
[INFO] No sources to compile
[INFO] 
[INFO] <<< spring-boot-maven-plugin:1.2.0.RELEASE:run (default-cli) < test-compile @ ourfood <<<
[INFO] 
[INFO] --- spring-boot-maven-plugin:1.2.0.RELEASE:run (default-cli) @ ourfood ---

  .   ____          _            __ _ _
 /\\ / ___'_ __ _ _(_)_ __  __ _ \ \ \ \
( ( )\___ | '_ | '_| | '_ \/ _` | \ \ \ \
 \\/  ___)| |_)| | | | | || (_| |  ) ) ) )
  '  |____| .__|_| |_|_| |_\__, | / / / /
 =========|_|==============|___/=/_/_/_/
 :: Spring Boot ::        (v1.2.0.RELEASE)

[2016-08-19 18:47:28.104] boot - 9440  INFO [ourfood.Application.main()] --- Application: Starting Application on DESKTOP-J5INNJT with PID 9440 (C:\Users\moinm\work\SSAD22\Source\OurFood\target\classes started by moinm in C:\Users\moinm\work\SSAD22\Source\OurFood)
[2016-08-19 18:47:28.147] boot - 9440  INFO [ourfood.Application.main()] --- AnnotationConfigEmbeddedWebApplicationContext: Refreshing org.springframework.boot.context.embedded.AnnotationConfigEmbeddedWebApplicationContext@7b4e8bb7: startup date [Fri Aug 19 18:47:28 IST 2016]; root of context hierarchy
[2016-08-19 18:47:29.082] boot - 9440  INFO [ourfood.Application.main()] --- ConfigurationClassBeanDefinitionReader: Skipping bean definition for [BeanMethod:name=staticDialect,declaringClass=ourfood.Application]: a definition for bean 'staticDialect' already exists. This top-level bean definition is considered as an override.
[2016-08-19 18:47:29.398] boot - 9440  INFO [ourfood.Application.main()] --- PropertiesFactoryBean: Loading properties file from URL [jar:file:/C:/Users/moinm/.m2/repository/org/springframework/integration/spring-integration-core/4.1.0.RELEASE/spring-integration-core-4.1.0.RELEASE.jar!/META-INF/spring.integration.default.properties]
[2016-08-19 18:47:29.401] boot - 9440  INFO [ourfood.Application.main()] --- IntegrationRegistrar: No bean named 'integrationHeaderChannelRegistry' has been explicitly defined. Therefore, a default DefaultHeaderChannelRegistry will be created.
[2016-08-19 18:47:29.702] boot - 9440  INFO [ourfood.Application.main()] --- DefaultConfiguringBeanFactoryPostProcessor: No bean named 'errorChannel' has been explicitly defined. Therefore, a default PublishSubscribeChannel will be created.
[2016-08-19 18:47:29.706] boot - 9440  INFO [ourfood.Application.main()] --- DefaultConfiguringBeanFactoryPostProcessor: No bean named 'taskScheduler' has been explicitly defined. Therefore, a default ThreadPoolTaskScheduler will be created.
[2016-08-19 18:47:29.715] boot - 9440  INFO [ourfood.Application.main()] --- AutowiredAnnotationBeanPostProcessor: JSR-330 'javax.inject.Inject' annotation found and supported for autowiring
[2016-08-19 18:47:29.926] boot - 9440  INFO [ourfood.Application.main()] --- PostProcessorRegistrationDelegate$BeanPostProcessorChecker: Bean 'org.springframework.boot.autoconfigure.dao.PersistenceExceptionTranslationAutoConfiguration' of type [class org.springframework.boot.autoconfigure.dao.PersistenceExceptionTranslationAutoConfiguration] is not eligible for getting processed by all BeanPostProcessors (for example: not eligible for auto-proxying)
[2016-08-19 18:47:30.000] boot - 9440  INFO [ourfood.Application.main()] --- PostProcessorRegistrationDelegate$BeanPostProcessorChecker: Bean 'org.springframework.transaction.annotation.ProxyTransactionManagementConfiguration' of type [class org.springframework.transaction.annotation.ProxyTransactionManagementConfiguration$$EnhancerBySpringCGLIB$$a600f7c1] is not eligible for getting processed by all BeanPostProcessors (for example: not eligible for auto-proxying)
[2016-08-19 18:47:30.028] boot - 9440  INFO [ourfood.Application.main()] --- PostProcessorRegistrationDelegate$BeanPostProcessorChecker: Bean 'transactionAttributeSource' of type [class org.springframework.transaction.annotation.AnnotationTransactionAttributeSource] is not eligible for getting processed by all BeanPostProcessors (for example: not eligible for auto-proxying)
[2016-08-19 18:47:30.039] boot - 9440  INFO [ourfood.Application.main()] --- PostProcessorRegistrationDelegate$BeanPostProcessorChecker: Bean 'transactionInterceptor' of type [class org.springframework.transaction.interceptor.TransactionInterceptor] is not eligible for getting processed by all BeanPostProcessors (for example: not eligible for auto-proxying)
[2016-08-19 18:47:30.045] boot - 9440  INFO [ourfood.Application.main()] --- PostProcessorRegistrationDelegate$BeanPostProcessorChecker: Bean 'org.springframework.transaction.config.internalTransactionAdvisor' of type [class org.springframework.transaction.interceptor.BeanFactoryTransactionAttributeSourceAdvisor] is not eligible for getting processed by all BeanPostProcessors (for example: not eligible for auto-proxying)
[2016-08-19 18:47:30.058] boot - 9440  INFO [ourfood.Application.main()] --- PostProcessorRegistrationDelegate$BeanPostProcessorChecker: Bean 'org.springframework.cache.annotation.ProxyCachingConfiguration' of type [class org.springframework.cache.annotation.ProxyCachingConfiguration$$EnhancerBySpringCGLIB$$d5ec21f] is not eligible for getting processed by all BeanPostProcessors (for example: not eligible for auto-proxying)
[2016-08-19 18:47:30.076] boot - 9440  INFO [ourfood.Application.main()] --- PostProcessorRegistrationDelegate$BeanPostProcessorChecker: Bean 'cacheOperationSource' of type [class org.springframework.cache.annotation.AnnotationCacheOperationSource] is not eligible for getting processed by all BeanPostProcessors (for example: not eligible for auto-proxying)
[2016-08-19 18:47:30.090] boot - 9440  INFO [ourfood.Application.main()] --- PostProcessorRegistrationDelegate$BeanPostProcessorChecker: Bean 'cacheInterceptor' of type [class org.springframework.cache.interceptor.CacheInterceptor] is not eligible for getting processed by all BeanPostProcessors (for example: not eligible for auto-proxying)
[2016-08-19 18:47:30.093] boot - 9440  INFO [ourfood.Application.main()] --- PostProcessorRegistrationDelegate$BeanPostProcessorChecker: Bean 'org.springframework.cache.config.internalCacheAdvisor' of type [class org.springframework.cache.interceptor.BeanFactoryCacheOperationSourceAdvisor] is not eligible for getting processed by all BeanPostProcessors (for example: not eligible for auto-proxying)
[2016-08-19 18:47:30.121] boot - 9440  INFO [ourfood.Application.main()] --- PostProcessorRegistrationDelegate$BeanPostProcessorChecker: Bean 'org.springframework.security.config.annotation.configuration.ObjectPostProcessorConfiguration' of type [class org.springframework.security.config.annotation.configuration.ObjectPostProcessorConfiguration$$EnhancerBySpringCGLIB$$cf2240bb] is not eligible for getting processed by all BeanPostProcessors (for example: not eligible for auto-proxying)
[2016-08-19 18:47:30.137] boot - 9440  INFO [ourfood.Application.main()] --- PostProcessorRegistrationDelegate$BeanPostProcessorChecker: Bean 'objectPostProcessor' of type [class org.springframework.security.config.annotation.configuration.AutowireBeanFactoryObjectPostProcessor] is not eligible for getting processed by all BeanPostProcessors (for example: not eligible for auto-proxying)
[2016-08-19 18:47:30.139] boot - 9440  INFO [ourfood.Application.main()] --- PostProcessorRegistrationDelegate$BeanPostProcessorChecker: Bean 'org.springframework.security.access.expression.method.DefaultMethodSecurityExpressionHandler@68d12311' of type [class org.springframework.security.access.expression.method.DefaultMethodSecurityExpressionHandler] is not eligible for getting processed by all BeanPostProcessors (for example: not eligible for auto-proxying)
[2016-08-19 18:47:30.170] boot - 9440  INFO [ourfood.Application.main()] --- PostProcessorRegistrationDelegate$BeanPostProcessorChecker: Bean 'org.springframework.boot.autoconfigure.security.SecurityAutoConfiguration' of type [class org.springframework.boot.autoconfigure.security.SecurityAutoConfiguration$$EnhancerBySpringCGLIB$$14e98feb] is not eligible for getting processed by all BeanPostProcessors (for example: not eligible for auto-proxying)
[2016-08-19 18:47:30.271] boot - 9440  INFO [ourfood.Application.main()] --- PostProcessorRegistrationDelegate$BeanPostProcessorChecker: Bean 'toStringFriendlyJsonNodeToStringConverter' of type [class org.springframework.integration.json.ToStringFriendlyJsonNodeToStringConverter] is not eligible for getting processed by all BeanPostProcessors (for example: not eligible for auto-proxying)
[2016-08-19 18:47:30.331] boot - 9440  INFO [ourfood.Application.main()] --- PostProcessorRegistrationDelegate$BeanPostProcessorChecker: Bean 'securityProperties' of type [class org.springframework.boot.autoconfigure.security.SecurityProperties] is not eligible for getting processed by all BeanPostProcessors (for example: not eligible for auto-proxying)
[2016-08-19 18:47:30.347] boot - 9440  INFO [ourfood.Application.main()] --- PostProcessorRegistrationDelegate$BeanPostProcessorChecker: Bean 'org.springframework.boot.autoconfigure.security.AuthenticationManagerConfiguration' of type [class org.springframework.boot.autoconfigure.security.AuthenticationManagerConfiguration$$EnhancerBySpringCGLIB$$13d5b7e9] is not eligible for getting processed by all BeanPostProcessors (for example: not eligible for auto-proxying)
[2016-08-19 18:47:30.351] boot - 9440  INFO [ourfood.Application.main()] --- PostProcessorRegistrationDelegate$BeanPostProcessorChecker: Bean 'org.springframework.security.config.annotation.authentication.configuration.AuthenticationConfiguration' of type [class org.springframework.security.config.annotation.authentication.configuration.AuthenticationConfiguration$$EnhancerBySpringCGLIB$$66bf2090] is not eligible for getting processed by all BeanPostProcessors (for example: not eligible for auto-proxying)
[2016-08-19 18:47:30.361] boot - 9440  INFO [ourfood.Application.main()] --- PostProcessorRegistrationDelegate$BeanPostProcessorChecker: Bean 'org.springframework.security.config.annotation.method.configuration.GlobalMethodSecurityConfiguration' of type [class org.springframework.security.config.annotation.method.configuration.GlobalMethodSecurityConfiguration$$EnhancerBySpringCGLIB$$8200752d] is not eligible for getting processed by all BeanPostProcessors (for example: not eligible for auto-proxying)
[2016-08-19 18:47:30.376] boot - 9440  INFO [ourfood.Application.main()] --- PostProcessorRegistrationDelegate$BeanPostProcessorChecker: Bean 'methodSecurityMetadataSource' of type [class org.springframework.security.access.method.DelegatingMethodSecurityMetadataSource] is not eligible for getting processed by all BeanPostProcessors (for example: not eligible for auto-proxying)
[2016-08-19 18:47:30.379] boot - 9440  INFO [ourfood.Application.main()] --- PostProcessorRegistrationDelegate$BeanPostProcessorChecker: Bean 'metaDataSourceAdvisor' of type [class org.springframework.security.access.intercept.aopalliance.MethodSecurityMetadataSourceAdvisor] is not eligible for getting processed by all BeanPostProcessors (for example: not eligible for auto-proxying)
[2016-08-19 18:47:30.414] boot - 9440  INFO [ourfood.Application.main()] --- PropertiesFactoryBean: Loading properties file from URL [jar:file:/C:/Users/moinm/.m2/repository/org/springframework/integration/spring-integration-core/4.1.0.RELEASE/spring-integration-core-4.1.0.RELEASE.jar!/META-INF/spring.integration.default.properties]
[2016-08-19 18:47:30.414] boot - 9440  INFO [ourfood.Application.main()] --- PostProcessorRegistrationDelegate$BeanPostProcessorChecker: Bean 'integrationGlobalProperties' of type [class org.springframework.beans.factory.config.PropertiesFactoryBean] is not eligible for getting processed by all BeanPostProcessors (for example: not eligible for auto-proxying)
[2016-08-19 18:47:30.417] boot - 9440  INFO [ourfood.Application.main()] --- PostProcessorRegistrationDelegate$BeanPostProcessorChecker: Bean 'integrationGlobalProperties' of type [class java.util.Properties] is not eligible for getting processed by all BeanPostProcessors (for example: not eligible for auto-proxying)
[2016-08-19 18:47:30.431] boot - 9440  INFO [ourfood.Application.main()] --- PostProcessorRegistrationDelegate$BeanPostProcessorChecker: Bean 'messageBuilderFactory' of type [class org.springframework.integration.support.DefaultMessageBuilderFactory] is not eligible for getting processed by all BeanPostProcessors (for example: not eligible for auto-proxying)
[2016-08-19 18:47:30.483] boot - 9440  INFO [ourfood.Application.main()] --- PostProcessorRegistrationDelegate$BeanPostProcessorChecker: Bean '(inner bean)#4d3d7103' of type [class org.springframework.integration.channel.MessagePublishingErrorHandler] is not eligible for getting processed by all BeanPostProcessors (for example: not eligible for auto-proxying)
[2016-08-19 18:47:30.485] boot - 9440  INFO [ourfood.Application.main()] --- ThreadPoolTaskScheduler: Initializing ExecutorService  'taskScheduler'
[2016-08-19 18:47:30.485] boot - 9440  INFO [ourfood.Application.main()] --- PostProcessorRegistrationDelegate$BeanPostProcessorChecker: Bean 'taskScheduler' of type [class org.springframework.scheduling.concurrent.ThreadPoolTaskScheduler] is not eligible for getting processed by all BeanPostProcessors (for example: not eligible for auto-proxying)
[2016-08-19 18:47:30.497] boot - 9440  INFO [ourfood.Application.main()] --- PostProcessorRegistrationDelegate$BeanPostProcessorChecker: Bean 'integrationHeaderChannelRegistry' of type [class org.springframework.integration.channel.DefaultHeaderChannelRegistry] is not eligible for getting processed by all BeanPostProcessors (for example: not eligible for auto-proxying)
[2016-08-19 18:47:30.959] boot - 9440  INFO [ourfood.Application.main()] --- TomcatEmbeddedServletContainer: Tomcat initialized with port(s): 8080/http
[2016-08-19 18:47:31.081] boot - 9440  INFO [ourfood.Application.main()] --- StandardService: Starting service Tomcat
[2016-08-19 18:47:31.082] boot - 9440  INFO [ourfood.Application.main()] --- StandardEngine: Starting Servlet Engine: Apache Tomcat/8.0.15
[2016-08-19 18:47:31.166] boot - 9440  INFO [localhost-startStop-1] --- [/]: Initializing Spring embedded WebApplicationContext
[2016-08-19 18:47:31.166] boot - 9440  INFO [localhost-startStop-1] --- ContextLoader: Root WebApplicationContext: initialization completed in 3023 ms
[2016-08-19 18:47:32.270] boot - 9440  INFO [localhost-startStop-1] --- LocalContainerEntityManagerFactoryBean: Building JPA container EntityManagerFactory for persistence unit 'default'
[2016-08-19 18:47:32.297] boot - 9440  INFO [localhost-startStop-1] --- LogHelper: HHH000204: Processing PersistenceUnitInfo [
	name: default
	...]
[2016-08-19 18:47:32.436] boot - 9440  INFO [localhost-startStop-1] --- Version: HHH000412: Hibernate Core {4.3.7.Final}
[2016-08-19 18:47:32.439] boot - 9440  INFO [localhost-startStop-1] --- Environment: HHH000206: hibernate.properties not found
[2016-08-19 18:47:32.441] boot - 9440  INFO [localhost-startStop-1] --- Environment: HHH000021: Bytecode provider name : javassist
[2016-08-19 18:47:32.704] boot - 9440  INFO [localhost-startStop-1] --- Version: HCANN000001: Hibernate Commons Annotations {4.0.5.Final}
[2016-08-19 18:47:32.747] boot - 9440  WARN [localhost-startStop-1] --- ConnectionPool: minIdle is larger than maxActive, setting minIdle to: 5
[2016-08-19 18:47:32.748] boot - 9440  WARN [localhost-startStop-1] --- ConnectionPool: maxIdle is larger than maxActive, setting maxIdle to: 5
[2016-08-19 18:47:32.966] boot - 9440  INFO [localhost-startStop-1] --- Dialect: HHH000400: Using dialect: org.hibernate.dialect.MySQL5Dialect
[2016-08-19 18:47:33.129] boot - 9440  INFO [localhost-startStop-1] --- ASTQueryTranslatorFactory: HHH000397: Using ASTQueryTranslatorFactory
[2016-08-19 18:47:33.468] boot - 9440  INFO [localhost-startStop-1] --- SchemaUpdate: HHH000228: Running hbm2ddl schema update
[2016-08-19 18:47:33.468] boot - 9440  INFO [localhost-startStop-1] --- SchemaUpdate: HHH000102: Fetching database metadata
[2016-08-19 18:47:33.469] boot - 9440  INFO [localhost-startStop-1] --- SchemaUpdate: HHH000396: Updating schema
[2016-08-19 18:47:33.488] boot - 9440  INFO [localhost-startStop-1] --- TableMetadata: HHH000261: Table found: ourfood.contact_verification_log
[2016-08-19 18:47:33.488] boot - 9440  INFO [localhost-startStop-1] --- TableMetadata: HHH000037: Columns: [contact_type, user_id, otp, id, contact_info, timestamp]
[2016-08-19 18:47:33.488] boot - 9440  INFO [localhost-startStop-1] --- TableMetadata: HHH000108: Foreign keys: []
[2016-08-19 18:47:33.488] boot - 9440  INFO [localhost-startStop-1] --- TableMetadata: HHH000126: Indexes: [primary]
[2016-08-19 18:47:33.497] boot - 9440  INFO [localhost-startStop-1] --- TableMetadata: HHH000261: Table found: ourfood.notification
[2016-08-19 18:47:33.497] boot - 9440  INFO [localhost-startStop-1] --- TableMetadata: HHH000037: Columns: [is_read, user_id, id, message]
[2016-08-19 18:47:33.498] boot - 9440  INFO [localhost-startStop-1] --- TableMetadata: HHH000108: Foreign keys: [fk_1urdwwsh2ti15ta6f6p5dbdcp]
[2016-08-19 18:47:33.498] boot - 9440  INFO [localhost-startStop-1] --- TableMetadata: HHH000126: Indexes: [fk_1urdwwsh2ti15ta6f6p5dbdcp, primary]
[2016-08-19 18:47:33.506] boot - 9440  INFO [localhost-startStop-1] --- TableMetadata: HHH000261: Table found: ourfood.organization
[2016-08-19 18:47:33.506] boot - 9440  INFO [localhost-startStop-1] --- TableMetadata: HHH000037: Columns: [is_active, size, parent_id, name, description, id, type, url, is_pending]
[2016-08-19 18:47:33.506] boot - 9440  INFO [localhost-startStop-1] --- TableMetadata: HHH000108: Foreign keys: [fk_57byxcy430qbl2gl7liup0py1]
[2016-08-19 18:47:33.506] boot - 9440  INFO [localhost-startStop-1] --- TableMetadata: HHH000126: Indexes: [fk_57byxcy430qbl2gl7liup0py1, primary]
[2016-08-19 18:47:33.513] boot - 9440  INFO [localhost-startStop-1] --- TableMetadata: HHH000261: Table found: ourfood.permission
[2016-08-19 18:47:33.513] boot - 9440  INFO [localhost-startStop-1] --- TableMetadata: HHH000037: Columns: [code, name, id]
[2016-08-19 18:47:33.513] boot - 9440  INFO [localhost-startStop-1] --- TableMetadata: HHH000108: Foreign keys: []
[2016-08-19 18:47:33.513] boot - 9440  INFO [localhost-startStop-1] --- TableMetadata: HHH000126: Indexes: [uk_a7ujv987la0i7a0o91ueevchc, primary]
[2016-08-19 18:47:33.519] boot - 9440  INFO [localhost-startStop-1] --- TableMetadata: HHH000261: Table found: ourfood.profile
[2016-08-19 18:47:33.520] boot - 9440  INFO [localhost-startStop-1] --- TableMetadata: HHH000037: Columns: [profile_pic, id]
[2016-08-19 18:47:33.520] boot - 9440  INFO [localhost-startStop-1] --- TableMetadata: HHH000108: Foreign keys: []
[2016-08-19 18:47:33.520] boot - 9440  INFO [localhost-startStop-1] --- TableMetadata: HHH000126: Indexes: [primary]
[2016-08-19 18:47:33.526] boot - 9440  INFO [localhost-startStop-1] --- TableMetadata: HHH000261: Table found: ourfood.profile_properties
[2016-08-19 18:47:33.526] boot - 9440  INFO [localhost-startStop-1] --- TableMetadata: HHH000037: Columns: [profile_id, variable, value]
[2016-08-19 18:47:33.526] boot - 9440  INFO [localhost-startStop-1] --- TableMetadata: HHH000108: Foreign keys: [fk_eldjic1ok5wq1pg3629g1171m]
[2016-08-19 18:47:33.526] boot - 9440  INFO [localhost-startStop-1] --- TableMetadata: HHH000126: Indexes: [primary]
[2016-08-19 18:47:33.532] boot - 9440  INFO [localhost-startStop-1] --- TableMetadata: HHH000261: Table found: ourfood.reset_token
[2016-08-19 18:47:33.532] boot - 9440  INFO [localhost-startStop-1] --- TableMetadata: HHH000037: Columns: [user_id, id, valid_tru, token]
[2016-08-19 18:47:33.532] boot - 9440  INFO [localhost-startStop-1] --- TableMetadata: HHH000108: Foreign keys: [fk_fbfq7c1c1wxpt21p6jd2jtvhj]
[2016-08-19 18:47:33.532] boot - 9440  INFO [localhost-startStop-1] --- TableMetadata: HHH000126: Indexes: [fk_fbfq7c1c1wxpt21p6jd2jtvhj, uk_shiutqgqq3m7hdrlmckbk4am6, primary]
[2016-08-19 18:47:33.537] boot - 9440  INFO [localhost-startStop-1] --- TableMetadata: HHH000261: Table found: ourfood.role
[2016-08-19 18:47:33.537] boot - 9440  INFO [localhost-startStop-1] --- TableMetadata: HHH000037: Columns: [code, name, id]
[2016-08-19 18:47:33.537] boot - 9440  INFO [localhost-startStop-1] --- TableMetadata: HHH000108: Foreign keys: []
[2016-08-19 18:47:33.537] boot - 9440  INFO [localhost-startStop-1] --- TableMetadata: HHH000126: Indexes: [uk_c36say97xydpmgigg38qv5l2p, primary]
[2016-08-19 18:47:33.542] boot - 9440  INFO [localhost-startStop-1] --- TableMetadata: HHH000261: Table found: ourfood.role_permission
[2016-08-19 18:47:33.542] boot - 9440  INFO [localhost-startStop-1] --- TableMetadata: HHH000037: Columns: [role_id, permission_id]
[2016-08-19 18:47:33.542] boot - 9440  INFO [localhost-startStop-1] --- TableMetadata: HHH000108: Foreign keys: [fk_j89g87bvih4d6jbxjcssrybks, fk_fn4pldu982p9u158rpk6nho5k]
[2016-08-19 18:47:33.542] boot - 9440  INFO [localhost-startStop-1] --- TableMetadata: HHH000126: Indexes: [fk_j89g87bvih4d6jbxjcssrybks, fk_fn4pldu982p9u158rpk6nho5k]
[2016-08-19 18:47:33.549] boot - 9440  INFO [localhost-startStop-1] --- TableMetadata: HHH000261: Table found: ourfood.user
[2016-08-19 18:47:33.550] boot - 9440  INFO [localhost-startStop-1] --- TableMetadata: HHH000037: Columns: [google_id, is_active, last_name, is_verified, facebook_id, password, user_type, registered_mobile, profile_id, organization_id, authorized_action_set_ids, primary_email, registered_email, id, created_date, gcm_token, first_name]
[2016-08-19 18:47:33.550] boot - 9440  INFO [localhost-startStop-1] --- TableMetadata: HHH000108: Foreign keys: [fk_n3q5mbs97yqmvsah7yyji1i78, fk_1mcjtpxmwom9h9bf2q0k412e0]
[2016-08-19 18:47:33.550] boot - 9440  INFO [localhost-startStop-1] --- TableMetadata: HHH000126: Indexes: [fk_n3q5mbs97yqmvsah7yyji1i78, uk_gd7f0klps0aklpnkl94v2a1o9, uk_re455pg0oy2xqdgjqmtjyrg3b, uk_ex30p3d44nr90abip6kwqk6iw, fk_1mcjtpxmwom9h9bf2q0k412e0, primary]
[2016-08-19 18:47:33.555] boot - 9440  INFO [localhost-startStop-1] --- TableMetadata: HHH000261: Table found: ourfood.user_role
[2016-08-19 18:47:33.555] boot - 9440  INFO [localhost-startStop-1] --- TableMetadata: HHH000037: Columns: [user_id, role_id]
[2016-08-19 18:47:33.555] boot - 9440  INFO [localhost-startStop-1] --- TableMetadata: HHH000108: Foreign keys: [fk_it77eq964jhfqtu54081ebtio, fk_apcc8lxk2xnug8377fatvbn04]
[2016-08-19 18:47:33.555] boot - 9440  INFO [localhost-startStop-1] --- TableMetadata: HHH000126: Indexes: [fk_it77eq964jhfqtu54081ebtio, fk_apcc8lxk2xnug8377fatvbn04]
[2016-08-19 18:47:33.561] boot - 9440  INFO [localhost-startStop-1] --- TableMetadata: HHH000261: Table found: ourfood.user_token
[2016-08-19 18:47:33.561] boot - 9440  INFO [localhost-startStop-1] --- TableMetadata: HHH000037: Columns: [user_id, id, valid_tru, token]
[2016-08-19 18:47:33.561] boot - 9440  INFO [localhost-startStop-1] --- TableMetadata: HHH000108: Foreign keys: [fk_dsueu4oggfo11n7trivi7vvyt]
[2016-08-19 18:47:33.561] boot - 9440  INFO [localhost-startStop-1] --- TableMetadata: HHH000126: Indexes: [fk_dsueu4oggfo11n7trivi7vvyt, uk_rif72qe73gbnjan23nhglof67, primary]
[2016-08-19 18:47:33.563] boot - 9440  INFO [localhost-startStop-1] --- SchemaUpdate: HHH000232: Schema update complete
[2016-08-19 18:47:34.935] boot - 9440  INFO [localhost-startStop-1] --- DefaultSecurityFilterChain: Creating filter chain: org.springframework.security.web.util.matcher.AnyRequestMatcher@1, [org.springframework.security.web.context.request.async.WebAsyncManagerIntegrationFilter@59672376, org.springframework.security.web.context.SecurityContextPersistenceFilter@4b988583, org.springframework.security.web.header.HeaderWriterFilter@77dadd4e, org.springframework.security.web.authentication.logout.LogoutFilter@5caff0ef, ourfood.filters.MobileRestFilter@e6c206c, ourfood.TokenAuthenticationFilter@2eec9a5b, org.springframework.security.web.savedrequest.RequestCacheAwareFilter@646b8646, org.springframework.security.web.servletapi.SecurityContextHolderAwareRequestFilter@15da45f1, org.springframework.security.web.authentication.rememberme.RememberMeAuthenticationFilter@651bdc9c, org.springframework.security.web.authentication.AnonymousAuthenticationFilter@3f1cfa0d, org.springframework.security.web.session.SessionManagementFilter@62158b3d, org.springframework.security.web.access.ExceptionTranslationFilter@2f582494]
[2016-08-19 18:47:35.004] boot - 9440  INFO [localhost-startStop-1] --- ServletRegistrationBean: Mapping servlet: 'dispatcherServlet' to [/]
[2016-08-19 18:47:35.008] boot - 9440  INFO [localhost-startStop-1] --- FilterRegistrationBean: Mapping filter: 'springSecurityFilterChain' to: [/*]
[2016-08-19 18:47:35.009] boot - 9440  INFO [localhost-startStop-1] --- FilterRegistrationBean: Mapping filter: 'hiddenHttpMethodFilter' to: [/*]
[2016-08-19 18:47:35.009] boot - 9440  INFO [localhost-startStop-1] --- FilterRegistrationBean: Mapping filter: 'characterEncodingFilter' to: [/*]
[2016-08-19 18:47:35.769] boot - 9440  INFO [ourfood.Application.main()] --- RequestMappingHandlerAdapter: Looking for @ControllerAdvice: org.springframework.boot.context.embedded.AnnotationConfigEmbeddedWebApplicationContext@7b4e8bb7: startup date [Fri Aug 19 18:47:28 IST 2016]; root of context hierarchy
[2016-08-19 18:47:35.837] boot - 9440  INFO [ourfood.Application.main()] --- RequestMappingHandlerMapping: Mapped "{[/rest/logs/action],methods=[POST],params=[],headers=[],consumes=[],produces=[],custom=[]}" onto public java.lang.String ourfood.rest.LogController.actionAccessLog(java.lang.Long,java.lang.Long,java.lang.Long,org.springframework.security.core.Authentication)
[2016-08-19 18:47:35.837] boot - 9440  INFO [ourfood.Application.main()] --- RequestMappingHandlerMapping: Mapped "{[/rest/user/register],methods=[POST],params=[],headers=[],consumes=[],produces=[],custom=[]}" onto public ourfood.domain.UserToken ourfood.rest.UserController.register(ourfood.domain.User)
[2016-08-19 18:47:35.838] boot - 9440  INFO [ourfood.Application.main()] --- RequestMappingHandlerMapping: Mapped "{[/rest/user/request-mobile-otp],methods=[POST],params=[],headers=[],consumes=[],produces=[],custom=[]}" onto public java.lang.Object ourfood.rest.UserController.requestOtp(java.lang.String,org.springframework.security.core.Authentication)
[2016-08-19 18:47:35.838] boot - 9440  INFO [ourfood.Application.main()] --- RequestMappingHandlerMapping: Mapped "{[/rest/user/reset-mobile-no],methods=[POST],params=[],headers=[],consumes=[],produces=[],custom=[]}" onto public java.lang.Object ourfood.rest.UserController.resetMobileNo(java.lang.String,org.springframework.security.core.Authentication)
[2016-08-19 18:47:35.838] boot - 9440  INFO [ourfood.Application.main()] --- RequestMappingHandlerMapping: Mapped "{[/rest/user/sync-app-id],methods=[POST],params=[],headers=[],consumes=[],produces=[],custom=[]}" onto public java.lang.Object ourfood.rest.UserController.syncAppId(org.springframework.security.core.Authentication)
[2016-08-19 18:47:35.838] boot - 9440  INFO [ourfood.Application.main()] --- RequestMappingHandlerMapping: Mapped "{[/rest/user/verify-mobile-otp],methods=[POST],params=[],headers=[],consumes=[],produces=[],custom=[]}" onto public java.lang.Object ourfood.rest.UserController.verifyMobile(java.lang.String,java.lang.String,java.lang.String,org.springframework.security.core.Authentication)
[2016-08-19 18:47:35.838] boot - 9440  INFO [ourfood.Application.main()] --- RequestMappingHandlerMapping: Mapped "{[/rest/user/token],methods=[POST],params=[],headers=[],consumes=[],produces=[],custom=[]}" onto public ourfood.domain.UserToken ourfood.rest.UserController.createToken(java.lang.String,java.lang.String)
[2016-08-19 18:47:35.839] boot - 9440  INFO [ourfood.Application.main()] --- RequestMappingHandlerMapping: Mapped "{[/index],methods=[GET],params=[],headers=[],consumes=[],produces=[],custom=[]}" onto public java.lang.String ourfood.web.IndexController.index(org.springframework.security.core.Authentication,javax.servlet.http.HttpServletRequest)
[2016-08-19 18:47:35.839] boot - 9440  INFO [ourfood.Application.main()] --- RequestMappingHandlerMapping: Mapped "{[/test],methods=[GET],params=[],headers=[],consumes=[],produces=[],custom=[]}" onto public java.lang.String ourfood.web.IndexController.test()
[2016-08-19 18:47:35.839] boot - 9440  INFO [ourfood.Application.main()] --- RequestMappingHandlerMapping: Mapped "{[/help],methods=[GET],params=[],headers=[],consumes=[],produces=[],custom=[]}" onto public java.lang.String ourfood.web.IndexController.help()
[2016-08-19 18:47:35.840] boot - 9440  INFO [ourfood.Application.main()] --- RequestMappingHandlerMapping: Mapped "{[/feedback],methods=[POST],params=[],headers=[],consumes=[],produces=[],custom=[]}" onto public java.lang.String ourfood.web.IndexController.feedback(java.lang.String,java.lang.String,java.lang.String,org.springframework.web.servlet.mvc.support.RedirectAttributes)
[2016-08-19 18:47:35.840] boot - 9440  INFO [ourfood.Application.main()] --- RequestMappingHandlerMapping: Mapped "{[/feedback],methods=[GET],params=[],headers=[],consumes=[],produces=[],custom=[]}" onto public java.lang.String ourfood.web.IndexController.feedback()
[2016-08-19 18:47:35.840] boot - 9440  INFO [ourfood.Application.main()] --- RequestMappingHandlerMapping: Mapped "{[/un-authorized],methods=[GET],params=[],headers=[],consumes=[],produces=[],custom=[]}" onto public java.lang.String ourfood.web.IndexController.unAuthorized()
[2016-08-19 18:47:35.840] boot - 9440  INFO [ourfood.Application.main()] --- RequestMappingHandlerMapping: Mapped "{[/contact],methods=[GET],params=[],headers=[],consumes=[],produces=[],custom=[]}" onto public java.lang.String ourfood.web.IndexController.contact()
[2016-08-19 18:47:35.840] boot - 9440  INFO [ourfood.Application.main()] --- RequestMappingHandlerMapping: Mapped "{[/intro],methods=[GET],params=[],headers=[],consumes=[],produces=[],custom=[]}" onto public java.lang.String ourfood.web.IndexController.intro()
[2016-08-19 18:47:35.840] boot - 9440  INFO [ourfood.Application.main()] --- RequestMappingHandlerMapping: Mapped "{[/terms],methods=[GET],params=[],headers=[],consumes=[],produces=[],custom=[]}" onto public java.lang.String ourfood.web.IndexController.terms(javax.servlet.http.HttpServletRequest)
[2016-08-19 18:47:35.840] boot - 9440  INFO [ourfood.Application.main()] --- RequestMappingHandlerMapping: Mapped "{[/dashboard],methods=[GET],params=[],headers=[],consumes=[],produces=[],custom=[]}" onto public java.lang.String ourfood.web.IndexController.dashboard(org.springframework.ui.Model,org.springframework.security.core.Authentication)
[2016-08-19 18:47:35.840] boot - 9440  INFO [ourfood.Application.main()] --- RequestMappingHandlerMapping: Mapped "{[/blank],methods=[GET],params=[],headers=[],consumes=[],produces=[],custom=[]}" onto public java.lang.String ourfood.web.IndexController.blank()
[2016-08-19 18:47:35.841] boot - 9440  INFO [ourfood.Application.main()] --- RequestMappingHandlerMapping: Mapped "{[/about],methods=[GET],params=[],headers=[],consumes=[],produces=[],custom=[]}" onto public java.lang.String ourfood.web.IndexController.about()
[2016-08-19 18:47:35.841] boot - 9440  INFO [ourfood.Application.main()] --- RequestMappingHandlerMapping: Mapped "{[/qr-code],methods=[GET],params=[],headers=[],consumes=[],produces=[image/png],custom=[]}" onto public byte[] ourfood.web.IndexController.qrCode(java.lang.String)
[2016-08-19 18:47:35.841] boot - 9440  INFO [ourfood.Application.main()] --- RequestMappingHandlerMapping: Mapped "{[/download-qr-code],methods=[GET],params=[],headers=[],consumes=[],produces=[image/png],custom=[]}" onto public byte[] ourfood.web.IndexController.downloadQrCode(java.lang.String,int,java.lang.String,java.lang.String,javax.servlet.http.HttpServletResponse)
[2016-08-19 18:47:35.841] boot - 9440  INFO [ourfood.Application.main()] --- RequestMappingHandlerMapping: Mapped "{[/construction],methods=[GET],params=[],headers=[],consumes=[],produces=[],custom=[]}" onto public java.lang.String ourfood.web.IndexController.construction()
[2016-08-19 18:47:35.841] boot - 9440  INFO [ourfood.Application.main()] --- RequestMappingHandlerMapping: Mapped "{[/healthcheck],methods=[GET],params=[],headers=[],consumes=[],produces=[],custom=[]}" onto public org.springframework.http.ResponseEntity<?> ourfood.web.IndexController.healthCheck(javax.servlet.http.HttpServletResponse)
[2016-08-19 18:47:35.841] boot - 9440  INFO [ourfood.Application.main()] --- RequestMappingHandlerMapping: Mapped "{[/sandbox],methods=[GET],params=[],headers=[],consumes=[],produces=[],custom=[]}" onto public org.springframework.http.ResponseEntity<?> ourfood.web.IndexController.sandbox(javax.servlet.http.HttpServletResponse)
[2016-08-19 18:47:35.841] boot - 9440  INFO [ourfood.Application.main()] --- RequestMappingHandlerMapping: Mapped "{[/select2],methods=[GET],params=[],headers=[],consumes=[],produces=[],custom=[]}" onto public java.lang.Object ourfood.web.IndexController.select2(javax.servlet.http.HttpServletResponse,java.lang.String)
[2016-08-19 18:47:35.842] boot - 9440  INFO [ourfood.Application.main()] --- RequestMappingHandlerMapping: Mapped "{[],methods=[GET],params=[],headers=[],consumes=[],produces=[],custom=[]}" onto public java.lang.String ourfood.web.IndexController.home(org.springframework.security.core.Authentication,javax.servlet.http.HttpServletRequest)
[2016-08-19 18:47:35.843] boot - 9440  INFO [ourfood.Application.main()] --- RequestMappingHandlerMapping: Mapped "{[/organization/create],methods=[POST],params=[],headers=[],consumes=[],produces=[],custom=[]}" onto public java.lang.String ourfood.web.OrganizationController.create(ourfood.domain.Organization,ourfood.form.Register,org.springframework.validation.BindingResult,org.springframework.web.servlet.mvc.support.RedirectAttributes,org.springframework.security.core.Authentication) throws java.lang.NoSuchMethodException,java.lang.SecurityException
[2016-08-19 18:47:35.843] boot - 9440  INFO [ourfood.Application.main()] --- RequestMappingHandlerMapping: Mapped "{[/organization/create-old],methods=[POST],params=[],headers=[],consumes=[],produces=[],custom=[]}" onto public java.lang.String ourfood.web.OrganizationController.create(ourfood.domain.Organization,java.lang.String,org.springframework.validation.BindingResult,org.springframework.web.servlet.mvc.support.RedirectAttributes,org.springframework.security.core.Authentication) throws java.lang.NoSuchMethodException,java.lang.SecurityException
[2016-08-19 18:47:35.843] boot - 9440  INFO [ourfood.Application.main()] --- RequestMappingHandlerMapping: Mapped "{[/organization/activate],methods=[POST],params=[],headers=[],consumes=[],produces=[],custom=[]}" onto public void ourfood.web.OrganizationController.activate(java.lang.Long,org.springframework.web.servlet.mvc.support.RedirectAttributes,org.springframework.security.core.Authentication)
[2016-08-19 18:47:35.843] boot - 9440  INFO [ourfood.Application.main()] --- RequestMappingHandlerMapping: Mapped "{[/organization/reject],methods=[POST],params=[],headers=[],consumes=[],produces=[],custom=[]}" onto public void ourfood.web.OrganizationController.reject(java.lang.Long,org.springframework.web.servlet.mvc.support.RedirectAttributes,org.springframework.security.core.Authentication)
[2016-08-19 18:47:35.843] boot - 9440  INFO [ourfood.Application.main()] --- RequestMappingHandlerMapping: Mapped "{[/organization/deactivate],methods=[POST],params=[],headers=[],consumes=[],produces=[],custom=[]}" onto public void ourfood.web.OrganizationController.deactivate(java.lang.Long,org.springframework.web.servlet.mvc.support.RedirectAttributes,org.springframework.security.core.Authentication)
[2016-08-19 18:47:35.843] boot - 9440  INFO [ourfood.Application.main()] --- RequestMappingHandlerMapping: Mapped "{[/organization/approve],methods=[POST],params=[],headers=[],consumes=[],produces=[],custom=[]}" onto public void ourfood.web.OrganizationController.approve(java.lang.Long,org.springframework.web.servlet.mvc.support.RedirectAttributes,org.springframework.security.core.Authentication)
[2016-08-19 18:47:35.843] boot - 9440  INFO [ourfood.Application.main()] --- RequestMappingHandlerMapping: Mapped "{[/organization/list/{organizationId}],methods=[GET],params=[],headers=[],consumes=[],produces=[],custom=[]}" onto public java.lang.String ourfood.web.OrganizationController.listOrgs(java.lang.Long,org.springframework.web.servlet.mvc.support.RedirectAttributes,org.springframework.security.core.Authentication,org.springframework.ui.Model)
[2016-08-19 18:47:35.843] boot - 9440  INFO [ourfood.Application.main()] --- RequestMappingHandlerMapping: Mapped "{[/organization/create-admin],methods=[POST],params=[],headers=[],consumes=[],produces=[],custom=[]}" onto public java.lang.String ourfood.web.OrganizationController.createAdmin(ourfood.domain.Organization,ourfood.form.Register,org.springframework.validation.BindingResult,org.springframework.web.servlet.mvc.support.RedirectAttributes,org.springframework.security.core.Authentication) throws java.lang.NoSuchMethodException,java.lang.SecurityException
[2016-08-19 18:47:35.844] boot - 9440  INFO [ourfood.Application.main()] --- RequestMappingHandlerMapping: Mapped "{[/organization/add-admin],methods=[GET],params=[],headers=[],consumes=[],produces=[],custom=[]}" onto public java.lang.String ourfood.web.OrganizationController.addAdminForm(java.lang.Long,org.springframework.web.servlet.mvc.support.RedirectAttributes,org.springframework.security.core.Authentication,org.springframework.ui.Model)
[2016-08-19 18:47:35.844] boot - 9440  INFO [ourfood.Application.main()] --- RequestMappingHandlerMapping: Mapped "{[/organization/edit],methods=[POST],params=[],headers=[],consumes=[],produces=[],custom=[]}" onto public java.lang.String ourfood.web.OrganizationController.edit(java.lang.Long,ourfood.domain.Organization,org.springframework.validation.BindingResult,org.springframework.web.servlet.mvc.support.RedirectAttributes,org.springframework.security.core.Authentication) throws java.lang.NoSuchMethodException,java.lang.SecurityException
[2016-08-19 18:47:35.844] boot - 9440  INFO [ourfood.Application.main()] --- RequestMappingHandlerMapping: Mapped "{[/organization/add-admin],methods=[POST],params=[],headers=[],consumes=[],produces=[],custom=[]}" onto public java.lang.String ourfood.web.OrganizationController.addAdmin(java.lang.Long,org.springframework.web.servlet.mvc.support.RedirectAttributes,org.springframework.security.core.Authentication,org.springframework.ui.Model)
[2016-08-19 18:47:35.844] boot - 9440  INFO [ourfood.Application.main()] --- RequestMappingHandlerMapping: Mapped "{[/organization/list-pending],methods=[GET],params=[],headers=[],consumes=[],produces=[],custom=[]}" onto public java.lang.String ourfood.web.OrganizationController.listPendingOrgs(org.springframework.web.servlet.mvc.support.RedirectAttributes,org.springframework.security.core.Authentication,org.springframework.ui.Model)
[2016-08-19 18:47:35.844] boot - 9440  INFO [ourfood.Application.main()] --- RequestMappingHandlerMapping: Mapped "{[/organization/create],methods=[GET],params=[],headers=[],consumes=[],produces=[],custom=[]}" onto public java.lang.String ourfood.web.OrganizationController.createForm(ourfood.domain.Organization,ourfood.form.Register,org.springframework.ui.Model)
[2016-08-19 18:47:35.844] boot - 9440  INFO [ourfood.Application.main()] --- RequestMappingHandlerMapping: Mapped "{[/organization/edit/{organizationId}],methods=[GET],params=[],headers=[],consumes=[],produces=[],custom=[]}" onto public java.lang.String ourfood.web.OrganizationController.viewOrg(java.lang.Long,org.springframework.web.servlet.mvc.support.RedirectAttributes,org.springframework.security.core.Authentication,org.springframework.ui.Model)
[2016-08-19 18:47:35.844] boot - 9440  INFO [ourfood.Application.main()] --- RequestMappingHandlerMapping: Mapped "{[/organization/list],methods=[GET],params=[],headers=[],consumes=[],produces=[],custom=[]}" onto public java.lang.String ourfood.web.OrganizationController.listAllOrgs(org.springframework.web.servlet.mvc.support.RedirectAttributes,org.springframework.security.core.Authentication,org.springframework.ui.Model)
[2016-08-19 18:47:35.844] boot - 9440  INFO [ourfood.Application.main()] --- RequestMappingHandlerMapping: Mapped "{[/organization/add-user],methods=[GET],params=[],headers=[],consumes=[],produces=[],custom=[]}" onto public java.lang.String ourfood.web.OrganizationController.addUserForm(java.lang.Long,org.springframework.web.servlet.mvc.support.RedirectAttributes,org.springframework.security.core.Authentication,org.springframework.ui.Model)
[2016-08-19 18:47:35.844] boot - 9440  INFO [ourfood.Application.main()] --- RequestMappingHandlerMapping: Mapped "{[/organization/add-user],methods=[POST],params=[],headers=[],consumes=[],produces=[],custom=[]}" onto public java.lang.String ourfood.web.OrganizationController.addUser(java.lang.Long,java.lang.String,org.springframework.web.servlet.mvc.support.RedirectAttributes,org.springframework.security.core.Authentication,org.springframework.ui.Model)
[2016-08-19 18:47:35.845] boot - 9440  INFO [ourfood.Application.main()] --- RequestMappingHandlerMapping: Mapped "{[/profile/view/{userId}],methods=[GET],params=[],headers=[],consumes=[],produces=[],custom=[]}" onto public java.lang.String ourfood.web.ProfileController.viewProfile(java.lang.Long,org.springframework.security.core.Authentication,org.springframework.ui.Model)
[2016-08-19 18:47:35.845] boot - 9440  INFO [ourfood.Application.main()] --- RequestMappingHandlerMapping: Mapped "{[/profile/list-notifications],methods=[GET],params=[],headers=[],consumes=[],produces=[],custom=[]}" onto public java.lang.String ourfood.web.ProfileController.listNotifications(org.springframework.security.core.Authentication,org.springframework.ui.Model)
[2016-08-19 18:47:35.846] boot - 9440  INFO [ourfood.Application.main()] --- RequestMappingHandlerMapping: Mapped "{[/users/register],methods=[POST],params=[],headers=[],consumes=[],produces=[],custom=[]}" onto public org.springframework.web.servlet.ModelAndView ourfood.web.UserController.register(ourfood.form.Register,org.springframework.validation.BindingResult,org.springframework.web.servlet.mvc.support.RedirectAttributes)
[2016-08-19 18:47:35.847] boot - 9440  INFO [ourfood.Application.main()] --- RequestMappingHandlerMapping: Mapped "{[/users/validate],methods=[GET],params=[],headers=[],consumes=[],produces=[],custom=[]}" onto public org.springframework.web.servlet.ModelAndView ourfood.web.UserController.validate(org.springframework.web.servlet.mvc.support.RedirectAttributes,java.lang.String,java.lang.String)
[2016-08-19 18:47:35.847] boot - 9440  INFO [ourfood.Application.main()] --- RequestMappingHandlerMapping: Mapped "{[/users/setPassword],methods=[POST],params=[],headers=[],consumes=[],produces=[],custom=[]}" onto public org.springframework.web.servlet.ModelAndView ourfood.web.UserController.setPassword(java.lang.String,java.lang.String,java.lang.String,java.lang.String,org.springframework.web.servlet.mvc.support.RedirectAttributes)
[2016-08-19 18:47:35.847] boot - 9440  INFO [ourfood.Application.main()] --- RequestMappingHandlerMapping: Mapped "{[/users/change-pwd],methods=[GET],params=[],headers=[],consumes=[],produces=[],custom=[]}" onto public java.lang.String ourfood.web.UserController.changePassword(org.springframework.security.core.Authentication,org.springframework.web.servlet.mvc.support.RedirectAttributes)
[2016-08-19 18:47:35.847] boot - 9440  INFO [ourfood.Application.main()] --- RequestMappingHandlerMapping: Mapped "{[/users/forgot],methods=[POST],params=[],headers=[],consumes=[],produces=[],custom=[]}" onto public org.springframework.web.servlet.ModelAndView ourfood.web.UserController.resetPassword(java.lang.String,org.springframework.web.servlet.mvc.support.RedirectAttributes)
[2016-08-19 18:47:35.847] boot - 9440  INFO [ourfood.Application.main()] --- RequestMappingHandlerMapping: Mapped "{[/users/invite],methods=[POST],params=[],headers=[],consumes=[],produces=[],custom=[]}" onto public org.springframework.web.servlet.ModelAndView ourfood.web.UserController.invite(ourfood.form.Register,org.springframework.validation.BindingResult,org.springframework.web.servlet.mvc.support.RedirectAttributes,org.springframework.security.core.Authentication)
[2016-08-19 18:47:35.848] boot - 9440  INFO [ourfood.Application.main()] --- RequestMappingHandlerMapping: Mapped "{[/users/register],methods=[GET],params=[],headers=[],consumes=[],produces=[],custom=[]}" onto public java.lang.String ourfood.web.UserController.registerForm(ourfood.form.Register)
[2016-08-19 18:47:35.848] boot - 9440  INFO [ourfood.Application.main()] --- RequestMappingHandlerMapping: Mapped "{[/users/list-org/{organizationId}],methods=[GET],params=[],headers=[],consumes=[],produces=[],custom=[]}" onto public java.lang.String ourfood.web.UserController.listUsersOrg(java.lang.Long,org.springframework.web.servlet.mvc.support.RedirectAttributes,org.springframework.security.core.Authentication,org.springframework.ui.Model)
[2016-08-19 18:47:35.848] boot - 9440  INFO [ourfood.Application.main()] --- RequestMappingHandlerMapping: Mapped "{[/users/list],methods=[GET],params=[],headers=[],consumes=[],produces=[],custom=[]}" onto public java.lang.String ourfood.web.UserController.listUsers(org.springframework.web.servlet.mvc.support.RedirectAttributes,org.springframework.security.core.Authentication,org.springframework.ui.Model)
[2016-08-19 18:47:35.848] boot - 9440  INFO [ourfood.Application.main()] --- RequestMappingHandlerMapping: Mapped "{[/users/invite],methods=[GET],params=[],headers=[],consumes=[],produces=[],custom=[]}" onto public java.lang.String ourfood.web.UserController.inviteForm(ourfood.form.Register,org.springframework.ui.Model)
[2016-08-19 18:47:35.848] boot - 9440  INFO [ourfood.Application.main()] --- RequestMappingHandlerMapping: Mapped "{[/users/validatePassword],methods=[POST],params=[],headers=[],consumes=[],produces=[],custom=[]}" onto public org.springframework.http.ResponseEntity<java.lang.Void> ourfood.web.UserController.validatePassword(java.lang.String,java.lang.String)
[2016-08-19 18:47:35.848] boot - 9440  INFO [ourfood.Application.main()] --- RequestMappingHandlerMapping: Mapped "{[/users/connect/facebook],methods=[GET],params=[],headers=[],consumes=[],produces=[],custom=[]}" onto public java.lang.String ourfood.web.UserController.facebookConnect(org.springframework.security.core.Authentication)
[2016-08-19 18:47:35.848] boot - 9440  INFO [ourfood.Application.main()] --- RequestMappingHandlerMapping: Mapped "{[/users/impersonate],methods=[GET],params=[],headers=[],consumes=[],produces=[],custom=[]}" onto public java.lang.String ourfood.web.UserController.impersonateForm()
[2016-08-19 18:47:35.848] boot - 9440  INFO [ourfood.Application.main()] --- RequestMappingHandlerMapping: Mapped "{[/users/impersonate],methods=[POST],params=[],headers=[],consumes=[],produces=[],custom=[]}" onto public java.lang.String ourfood.web.UserController.impersonate(java.lang.String,java.lang.String,org.springframework.security.core.Authentication,org.springframework.web.servlet.mvc.support.RedirectAttributes)
[2016-08-19 18:47:35.848] boot - 9440  INFO [ourfood.Application.main()] --- RequestMappingHandlerMapping: Mapped "{[/users/setPassword],methods=[GET],params=[],headers=[],consumes=[],produces=[],custom=[]}" onto public java.lang.String ourfood.web.UserController.setPasswordForm(java.lang.String,java.lang.String,org.springframework.ui.Model)
[2016-08-19 18:47:35.848] boot - 9440  INFO [ourfood.Application.main()] --- RequestMappingHandlerMapping: Mapped "{[/users/edit/{id}],methods=[GET],params=[],headers=[],consumes=[],produces=[],custom=[]}" onto public java.lang.String ourfood.web.UserController.viewEditForm(java.lang.Long,org.springframework.ui.Model)
[2016-08-19 18:47:35.849] boot - 9440  INFO [ourfood.Application.main()] --- RequestMappingHandlerMapping: Mapped "{[/users/connect/google],methods=[GET],params=[],headers=[],consumes=[],produces=[],custom=[]}" onto public java.lang.String ourfood.web.UserController.googleConnect(org.springframework.security.core.Authentication)
[2016-08-19 18:47:35.849] boot - 9440  INFO [ourfood.Application.main()] --- RequestMappingHandlerMapping: Mapped "{[/users/login],methods=[GET],params=[],headers=[],consumes=[],produces=[],custom=[]}" onto public java.lang.String ourfood.web.UserController.loginForm()
[2016-08-19 18:47:35.849] boot - 9440  INFO [ourfood.Application.main()] --- RequestMappingHandlerMapping: Mapped "{[/users/change-pwd],methods=[POST],params=[],headers=[],consumes=[],produces=[],custom=[]}" onto public java.lang.String ourfood.web.UserController.passwordChange(java.lang.String,java.lang.String,java.lang.String,org.springframework.security.core.Authentication,org.springframework.web.servlet.mvc.support.RedirectAttributes)
[2016-08-19 18:47:35.849] boot - 9440  INFO [ourfood.Application.main()] --- RequestMappingHandlerMapping: Mapped "{[/users/edit],methods=[POST],params=[],headers=[],consumes=[],produces=[],custom=[]}" onto public java.lang.String ourfood.web.UserController.viewEdit(ourfood.domain.User,java.lang.Long,java.lang.String,org.springframework.validation.BindingResult,org.springframework.security.core.Authentication,org.springframework.web.servlet.mvc.support.RedirectAttributes) throws java.lang.Exception
[2016-08-19 18:47:35.849] boot - 9440  INFO [ourfood.Application.main()] --- RequestMappingHandlerMapping: Mapped "{[/users/login],methods=[POST],params=[],headers=[],consumes=[],produces=[],custom=[]}" onto public org.springframework.web.servlet.ModelAndView ourfood.web.UserController.login(java.lang.String,java.lang.String,java.lang.String,org.springframework.web.servlet.mvc.support.RedirectAttributes,javax.servlet.http.HttpServletRequest,javax.servlet.http.HttpServletResponse)
[2016-08-19 18:47:35.849] boot - 9440  INFO [ourfood.Application.main()] --- RequestMappingHandlerMapping: Mapped "{[/users/forgot],methods=[GET],params=[],headers=[],consumes=[],produces=[],custom=[]}" onto public java.lang.String ourfood.web.UserController.forgotPasswordForm()
[2016-08-19 18:47:35.849] boot - 9440  INFO [ourfood.Application.main()] --- RequestMappingHandlerMapping: Mapped "{[/users/validatePrimaryEmail],methods=[GET],params=[],headers=[],consumes=[],produces=[],custom=[]}" onto public org.springframework.http.ResponseEntity<java.lang.Void> ourfood.web.UserController.validatePrimaryEmail(java.lang.String)
[2016-08-19 18:47:35.850] boot - 9440  INFO [ourfood.Application.main()] --- RequestMappingHandlerMapping: Mapped "{[/error],methods=[],params=[],headers=[],consumes=[],produces=[],custom=[]}" onto public org.springframework.http.ResponseEntity<java.util.Map<java.lang.String, java.lang.Object>> org.springframework.boot.autoconfigure.web.BasicErrorController.error(javax.servlet.http.HttpServletRequest)
[2016-08-19 18:47:35.850] boot - 9440  INFO [ourfood.Application.main()] --- RequestMappingHandlerMapping: Mapped "{[/error],methods=[],params=[],headers=[],consumes=[],produces=[text/html],custom=[]}" onto public org.springframework.web.servlet.ModelAndView org.springframework.boot.autoconfigure.web.BasicErrorController.errorHtml(javax.servlet.http.HttpServletRequest)
[2016-08-19 18:47:35.858] boot - 9440  INFO [ourfood.Application.main()] --- RequestMappingHandlerMapping: Mapped "{[/connect/{providerId}],methods=[POST],params=[],headers=[],consumes=[],produces=[],custom=[]}" onto public org.springframework.web.servlet.view.RedirectView org.springframework.social.connect.web.ConnectController.connect(java.lang.String,org.springframework.web.context.request.NativeWebRequest)
[2016-08-19 18:47:35.858] boot - 9440  INFO [ourfood.Application.main()] --- RequestMappingHandlerMapping: Mapped "{[/connect/{providerId}],methods=[GET],params=[code],headers=[],consumes=[],produces=[],custom=[]}" onto public org.springframework.web.servlet.view.RedirectView org.springframework.social.connect.web.ConnectController.oauth2Callback(java.lang.String,org.springframework.web.context.request.NativeWebRequest)
[2016-08-19 18:47:35.858] boot - 9440  INFO [ourfood.Application.main()] --- RequestMappingHandlerMapping: Mapped "{[/connect],methods=[GET],params=[],headers=[],consumes=[],produces=[],custom=[]}" onto public java.lang.String org.springframework.social.connect.web.ConnectController.connectionStatus(org.springframework.web.context.request.NativeWebRequest,org.springframework.ui.Model)
[2016-08-19 18:47:35.859] boot - 9440  INFO [ourfood.Application.main()] --- RequestMappingHandlerMapping: Mapped "{[/connect/{providerId}],methods=[GET],params=[],headers=[],consumes=[],produces=[],custom=[]}" onto public java.lang.String org.springframework.social.connect.web.ConnectController.connectionStatus(java.lang.String,org.springframework.web.context.request.NativeWebRequest,org.springframework.ui.Model)
[2016-08-19 18:47:35.859] boot - 9440  INFO [ourfood.Application.main()] --- RequestMappingHandlerMapping: Mapped "{[/connect/{providerId}/{providerUserId}],methods=[DELETE],params=[],headers=[],consumes=[],produces=[],custom=[]}" onto public org.springframework.web.servlet.view.RedirectView org.springframework.social.connect.web.ConnectController.removeConnection(java.lang.String,java.lang.String,org.springframework.web.context.request.NativeWebRequest)
[2016-08-19 18:47:35.859] boot - 9440  INFO [ourfood.Application.main()] --- RequestMappingHandlerMapping: Mapped "{[/connect/{providerId}],methods=[GET],params=[oauth_token],headers=[],consumes=[],produces=[],custom=[]}" onto public org.springframework.web.servlet.view.RedirectView org.springframework.social.connect.web.ConnectController.oauth1Callback(java.lang.String,org.springframework.web.context.request.NativeWebRequest)
[2016-08-19 18:47:35.859] boot - 9440  INFO [ourfood.Application.main()] --- RequestMappingHandlerMapping: Mapped "{[/connect/{providerId}],methods=[DELETE],params=[],headers=[],consumes=[],produces=[],custom=[]}" onto public org.springframework.web.servlet.view.RedirectView org.springframework.social.connect.web.ConnectController.removeConnections(java.lang.String,org.springframework.web.context.request.NativeWebRequest)
[2016-08-19 18:47:35.859] boot - 9440  INFO [ourfood.Application.main()] --- RequestMappingHandlerMapping: Mapped "{[/connect/{providerId}],methods=[GET],params=[error],headers=[],consumes=[],produces=[],custom=[]}" onto public org.springframework.web.servlet.view.RedirectView org.springframework.social.connect.web.ConnectController.oauth2ErrorCallback(java.lang.String,java.lang.String,java.lang.String,java.lang.String,org.springframework.web.context.request.NativeWebRequest)
[2016-08-19 18:47:35.898] boot - 9440  INFO [ourfood.Application.main()] --- SimpleUrlHandlerMapping: Mapped URL path [/webjars/**] onto handler of type [class org.springframework.web.servlet.resource.ResourceHttpRequestHandler]
[2016-08-19 18:47:35.898] boot - 9440  INFO [ourfood.Application.main()] --- SimpleUrlHandlerMapping: Mapped URL path [/static/**] onto handler of type [class org.springframework.web.servlet.resource.ResourceHttpRequestHandler]
[2016-08-19 18:47:35.898] boot - 9440  INFO [ourfood.Application.main()] --- SimpleUrlHandlerMapping: Mapped URL path [/**] onto handler of type [class org.springframework.web.servlet.resource.ResourceHttpRequestHandler]
[2016-08-19 18:47:35.920] boot - 9440  INFO [ourfood.Application.main()] --- ExceptionHandlerExceptionResolver: Detected @ExceptionHandler methods in restControllerExceptionHandler
[2016-08-19 18:47:35.921] boot - 9440  INFO [ourfood.Application.main()] --- ExceptionHandlerExceptionResolver: Detected @ExceptionHandler methods in controllerExceptionHandler
[2016-08-19 18:47:35.950] boot - 9440  INFO [ourfood.Application.main()] --- SimpleUrlHandlerMapping: Mapped URL path [/**/favicon.ico] onto handler of type [class org.springframework.web.servlet.resource.ResourceHttpRequestHandler]
[2016-08-19 18:47:36.263] boot - 9440  INFO [ourfood.Application.main()] --- AnnotationMBeanExporter: Registering beans for JMX exposure on startup
[2016-08-19 18:47:36.272] boot - 9440  INFO [ourfood.Application.main()] --- DefaultLifecycleProcessor: Starting beans in phase -2147483648
[2016-08-19 18:47:36.273] boot - 9440  INFO [ourfood.Application.main()] --- DefaultLifecycleProcessor: Starting beans in phase 0
[2016-08-19 18:47:36.274] boot - 9440  INFO [ourfood.Application.main()] --- EventDrivenConsumer: Adding {logging-channel-adapter:_org.springframework.integration.errorLogger} as a subscriber to the 'errorChannel' channel
[2016-08-19 18:47:36.274] boot - 9440  INFO [ourfood.Application.main()] --- PublishSubscribeChannel: Channel 'application:development:8080.errorChannel' has 1 subscriber(s).
[2016-08-19 18:47:36.274] boot - 9440  INFO [ourfood.Application.main()] --- EventDrivenConsumer: started _org.springframework.integration.errorLogger
[2016-08-19 18:47:36.561] boot - 9440  INFO [ourfood.Application.main()] --- TomcatEmbeddedServletContainer: Tomcat started on port(s): 8080/http
[2016-08-19 18:47:36.564] boot - 9440  INFO [ourfood.Application.main()] --- Application: Started Application in 8.762 seconds (JVM running for 12.458)
[2016-08-19 18:49:27.089] boot - 9440  INFO [http-nio-8080-exec-1] --- [/]: Initializing Spring FrameworkServlet 'dispatcherServlet'
[2016-08-19 18:49:27.089] boot - 9440  INFO [http-nio-8080-exec-1] --- DispatcherServlet: FrameworkServlet 'dispatcherServlet': initialization started
[2016-08-19 18:49:27.134] boot - 9440  INFO [http-nio-8080-exec-1] --- DispatcherServlet: FrameworkServlet 'dispatcherServlet': initialization completed in 45 ms
[2016-08-19 18:53:29.130] boot - 9440  INFO [Thread-1] --- AnnotationConfigEmbeddedWebApplicationContext: Closing org.springframework.boot.context.embedded.AnnotationConfigEmbeddedWebApplicationContext@7b4e8bb7: startup date [Fri Aug 19 18:47:28 IST 2016]; root of context hierarchy
Terminate batch job (Y/N)? 
